# JRE version: OpenJDK Runtime Environment Microsoft-13877129 (17.0.19+10) (build 17.0.19+10-LTS)
# Java VM: OpenJDK 64-Bit Server VM Microsoft-13877129 (17.0.19+10-LTS, mixed mode, sharing, tiered, compressed oops, compressed class ptrs, g1 gc, windows-amd64)
GC Precious Log:
 CPUs: 8 total, 8 available
 Memory: 8017M
 Large Page Support: Disabled
 NUMA Support: Disabled
 Compressed Oops: Enabled (32-bit)
 Heap Region Size: 1M
 Heap Min Capacity: 8M
 Heap Initial Capacity: 126M
 Heap Max Capacity: 2006M
 Pre-touch: Disabled
 Parallel Workers: 8
 Concurrent Workers: 2
 Concurrent Refinement Workers: 8
 Periodic GC: Disabled
Heap:
 garbage-first heap   total 91136K, used 43520K [0x0000000082a00000, 0x0000000100000000)
  region size 1024K, 4 young (4096K), 4 survivors (4096K)
 Metaspace       used 26483K, committed 26816K, reserved 1114112K
  class space    used 3107K, committed 3264K, reserved 1048576K
GC Heap History (15 events):
Event: 0.955 GC heap before
{Heap before GC invocations=0 (full 0):
 garbage-first heap   total 129024K, used 22528K [0x0000000082a00000, 0x0000000100000000)
  region size 1024K, 23 young (23552K), 0 survivors (0K)
 Metaspace       used 5314K, committed 5568K, reserved 1114112K
  class space    used 640K, committed 768K, reserved 1048576K
}
Event: 0.962 GC heap after
{Heap after GC invocations=1 (full 0):
 garbage-first heap   total 129024K, used 3563K [0x0000000082a00000, 0x0000000100000000)
  region size 1024K, 3 young (3072K), 3 survivors (3072K)
 Metaspace       used 5314K, committed 5568K, reserved 1114112K
  class space    used 640K, committed 768K, reserved 1048576K
}
Event: 1.574 GC heap before
{Heap before GC invocations=1 (full 0):
 garbage-first heap   total 129024K, used 35307K [0x0000000082a00000, 0x0000000100000000)
  region size 1024K, 34 young (34816K), 3 survivors (3072K)
 Metaspace       used 7773K, committed 7936K, reserved 1114112K
  class space    used 942K, committed 1024K, reserved 1048576K
}
Event: 1.580 GC heap after
{Heap after GC invocations=2 (full 0):
 garbage-first heap   total 129024K, used 4735K [0x0000000082a00000, 0x0000000100000000)
  region size 1024K, 2 young (2048K), 2 survivors (2048K)
 Metaspace       used 7773K, committed 7936K, reserved 1114112K
  class space    used 942K, committed 1024K, reserved 1048576K
}
Event: 3.375 GC heap before
{Heap before GC invocations=2 (full 0):
 garbage-first heap   total 129024K, used 78463K [0x0000000082a00000, 0x0000000100000000)
  region size 1024K, 75 young (76800K), 2 survivors (2048K)
 Metaspace       used 15346K, committed 15616K, reserved 1114112K
  class space    used 1855K, committed 1984K, reserved 1048576K
}
Event: 3.395 GC heap after
{Heap after GC invocations=3 (full 0):
 garbage-first heap   total 129024K, used 12727K [0x0000000082a00000, 0x0000000100000000)
  region size 1024K, 9 young (9216K), 9 survivors (9216K)
 Metaspace       used 15346K, committed 15616K, reserved 1114112K
  class space    used 1855K, committed 1984K, reserved 1048576K
}
Event: 4.896 GC heap before
{Heap before GC invocations=3 (full 0):
 garbage-first heap   total 129024K, used 80311K [0x0000000082a00000, 0x0000000100000000)
  region size 1024K, 75 young (76800K), 9 survivors (9216K)
 Metaspace       used 17232K, committed 17536K, reserved 1114112K
  class space    used 2008K, committed 2176K, reserved 1048576K
}
Event: 4.909 GC heap after
{Heap after GC invocations=4 (full 0):
 garbage-first heap   total 129024K, used 15706K [0x0000000082a00000, 0x0000000100000000)
  region size 1024K, 4 young (4096K), 4 survivors (4096K)
 Metaspace       used 17232K, committed 17536K, reserved 1114112K
  class space    used 2008K, committed 2176K, reserved 1048576K
}
Event: 5.700 GC heap before
{Heap before GC invocations=4 (full 0):
 garbage-first heap   total 129024K, used 46426K [0x0000000082a00000, 0x0000000100000000)
  region size 1024K, 30 young (30720K), 4 survivors (4096K)
 Metaspace       used 21235K, committed 21504K, reserved 1114112K
  class space    used 2516K, committed 2688K, reserved 1048576K
}
Event: 5.709 GC heap after
{Heap after GC invocations=5 (full 0):
 garbage-first heap   total 129024K, used 23230K [0x0000000082a00000, 0x0000000100000000)
  region size 1024K, 8 young (8192K), 8 survivors (8192K)
 Metaspace       used 21235K, committed 21504K, reserved 1114112K
  class space    used 2516K, committed 2688K, reserved 1048576K
}
Event: 6.880 GC heap before
{Heap before GC invocations=6 (full 0):
 garbage-first heap   total 86016K, used 67262K [0x0000000082a00000, 0x0000000100000000)
  region size 1024K, 50 young (51200K), 8 survivors (8192K)
 Metaspace       used 25944K, committed 26240K, reserved 1114112K
  class space    used 3038K, committed 3136K, reserved 1048576K
}
Event: 6.916 GC heap after
{Heap after GC invocations=7 (full 0):
 garbage-first heap   total 91136K, used 36423K [0x0000000082a00000, 0x0000000100000000)
  region size 1024K, 7 young (7168K), 7 survivors (7168K)
 Metaspace       used 25944K, committed 26240K, reserved 1114112K
  class space    used 3038K, committed 3136K, reserved 1048576K
}
Event: 6.969 GC heap before
{Heap before GC invocations=7 (full 0):
 garbage-first heap   total 91136K, used 37447K [0x0000000082a00000, 0x0000000100000000)
  region size 1024K, 8 young (8192K), 7 survivors (7168K)
 Metaspace       used 26146K, committed 26496K, reserved 1114112K
  class space    used 3068K, committed 3200K, reserved 1048576K
}
Event: 6.980 GC heap after
{Heap after GC invocations=8 (full 0):
 garbage-first heap   total 91136K, used 37888K [0x0000000082a00000, 0x0000000100000000)
  region size 1024K, 1 young (1024K), 1 survivors (1024K)
 Metaspace       used 26146K, committed 26496K, reserved 1114112K
  class space    used 3068K, committed 3200K, reserved 1048576K
}
Event: 7.530 GC heap before
{Heap before GC invocations=8 (full 0):
 garbage-first heap   total 91136K, used 58368K [0x0000000082a00000, 0x0000000100000000)
  region size 1024K, 18 young (18432K), 1 survivors (1024K)
 Metaspace       used 26483K, committed 26816K, reserved 1114112K
  class space    used 3107K, committed 3264K, reserved 1048576K
}

